@storybook/cli v7.2.2

info => Cleaning outputDir: C:\Users\Ehsan\AppData\Local\Temp\chromatic--12132-LX3Qf5QMzkxU
info => Loading presets
info => Building manager..
info => Manager built (346 ms)
info => Copying static files: C:\Users\Ehsan\dev\storybook-styleguide\node_modules\@storybook\manager\static at C:\Users\Ehsan\AppData\Local\Temp\chromatic--12132-LX3Qf5QMzkxU\sb-common-assets
[36mvite v4.3.9 [32mbuilding for production...[36m[39m

./sb-common-assets/fonts.css doesn't exist at build time, it will remain unchanged to be resolved at runtime
transforming...
node_modules/telejson/dist/index.mjs (1394:15) Use of eval in "node_modules/telejson/dist/index.mjs" is strongly discouraged as it poses security risks and may cause issues with minification.
node_modules/telejson/dist/index.mjs (1397:18) Use of eval in "node_modules/telejson/dist/index.mjs" is strongly discouraged as it poses security risks and may cause issues with minification.
[32m✓[39m 1429 modules transformed.
rendering chunks...
computing gzip size...
[2m../../AppData/Local/Temp/chromatic--12132-LX3Qf5QMzkxU/[22m[32miframe.html                                                                 [39m[1m[2m 12.75 kB[22m[1m[22m[2m │ gzip:   3.57 kB[22m
[2m../../AppData/Local/Temp/chromatic--12132-LX3Qf5QMzkxU/[22m[35massets/Header-a6911580.css                                                  [39m[1m[2m  0.51 kB[22m[1m[22m[2m │ gzip:   0.31 kB[22m
[2m../../AppData/Local/Temp/chromatic--12132-LX3Qf5QMzkxU/[22m[35massets/Page.stories-ece1482a.css                                            [39m[1m[2m  0.93 kB[22m[1m[22m[2m │ gzip:   0.39 kB[22m
[2m../../AppData/Local/Temp/chromatic--12132-LX3Qf5QMzkxU/[22m[36massets/preview-1e5c59db.js                                                  [39m[1m[2m  0.19 kB[22m[1m[22m[2m │ gzip:   0.19 kB[22m[2m │ map:     0.66 kB[22m
[2m../../AppData/Local/Temp/chromatic--12132-LX3Qf5QMzkxU/[22m[36massets/index-d475d2ea.js                                                    [39m[1m[2m  0.21 kB[22m[1m[22m[2m │ gzip:   0.17 kB[22m[2m │ map:     0.81 kB[22m
[2m../../AppData/Local/Temp/chromatic--12132-LX3Qf5QMzkxU/[22m[36massets/index-15bf4c02.js                                                    [39m[1m[2m  0.25 kB[22m[1m[22m[2m │ gzip:   0.20 kB[22m[2m │ map:     0.10 kB[22m
[2m../../AppData/Local/Temp/chromatic--12132-LX3Qf5QMzkxU/[22m[36massets/emotion-use-insertion-effect-with-fallbacks.browser.esm-5b79630f.js  [39m[1m[2m  0.28 kB[22m[1m[22m[2m │ gzip:   0.23 kB[22m[2m │ map:     1.13 kB[22m
[2m../../AppData/Local/Temp/chromatic--12132-LX3Qf5QMzkxU/[22m[36massets/extends-98964cd2.js                                                  [39m[1m[2m  0.29 kB[22m[1m[22m[2m │ gzip:   0.23 kB[22m[2m │ map:     0.97 kB[22m
[2m../../AppData/Local/Temp/chromatic--12132-LX3Qf5QMzkxU/[22m[36massets/chunk-MSDTXLE7-f0f04b4b.js                                           [39m[1m[2m  0.33 kB[22m[1m[22m[2m │ gzip:   0.28 kB[22m[2m │ map:     1.26 kB[22m
[2m../../AppData/Local/Temp/chromatic--12132-LX3Qf5QMzkxU/[22m[36massets/emotion-react.browser.esm-435258fd.js                                [39m[1m[2m  0.49 kB[22m[1m[22m[2m │ gzip:   0.34 kB[22m[2m │ map:    15.43 kB[22m
[2m../../AppData/Local/Temp/chromatic--12132-LX3Qf5QMzkxU/[22m[36massets/index-f875e932.js                                                    [39m[1m[2m  0.53 kB[22m[1m[22m[2m │ gzip:   0.34 kB[22m[2m │ map:     4.30 kB[22m
[2m../../AppData/Local/Temp/chromatic--12132-LX3Qf5QMzkxU/[22m[36massets/WithTooltip-YBG737T3-a77e8aa8.js                                     [39m[1m[2m  0.54 kB[22m[1m[22m[2m │ gzip:   0.32 kB[22m[2m │ map:     0.11 kB[22m
[2m../../AppData/Local/Temp/chromatic--12132-LX3Qf5QMzkxU/[22m[36massets/syntaxhighlighter-4OVWVELQ-662b5a14.js                               [39m[1m[2m  0.55 kB[22m[1m[22m[2m │ gzip:   0.35 kB[22m[2m │ map:     0.12 kB[22m
[2m../../AppData/Local/Temp/chromatic--12132-LX3Qf5QMzkxU/[22m[36massets/react-18-2da4b609.js                                                 [39m[1m[2m  0.59 kB[22m[1m[22m[2m │ gzip:   0.38 kB[22m[2m │ map:     2.59 kB[22m
[2m../../AppData/Local/Temp/chromatic--12132-LX3Qf5QMzkxU/[22m[36massets/preview-980d6faf.js                                                  [39m[1m[2m  0.63 kB[22m[1m[22m[2m │ gzip:   0.40 kB[22m[2m │ map:     2.30 kB[22m
[2m../../AppData/Local/Temp/chromatic--12132-LX3Qf5QMzkxU/[22m[36massets/preview-2e79c783.js                                                  [39m[1m[2m  0.64 kB[22m[1m[22m[2m │ gzip:   0.40 kB[22m[2m │ map:     0.54 kB[22m
[2m../../AppData/Local/Temp/chromatic--12132-LX3Qf5QMzkxU/[22m[36massets/_commonjsHelpers-042e6b4d.js                                         [39m[1m[2m  0.78 kB[22m[1m[22m[2m │ gzip:   0.44 kB[22m[2m │ map:     0.11 kB[22m
[2m../../AppData/Local/Temp/chromatic--12132-LX3Qf5QMzkxU/[22m[36massets/index-356e4a49.js                                                    [39m[1m[2m  0.81 kB[22m[1m[22m[2m │ gzip:   0.51 kB[22m[2m │ map:     3.24 kB[22m
[2m../../AppData/Local/Temp/chromatic--12132-LX3Qf5QMzkxU/[22m[36massets/index-1fc0ca9a.js                                                    [39m[1m[2m  0.84 kB[22m[1m[22m[2m │ gzip:   0.55 kB[22m[2m │ map:     4.04 kB[22m
[2m../../AppData/Local/Temp/chromatic--12132-LX3Qf5QMzkxU/[22m[36massets/preview-b79ea209.js                                                  [39m[1m[2m  0.90 kB[22m[1m[22m[2m │ gzip:   0.60 kB[22m[2m │ map:     2.86 kB[22m
[2m../../AppData/Local/Temp/chromatic--12132-LX3Qf5QMzkxU/[22m[36massets/jsx-runtime-eae7a151.js                                              [39m[1m[2m  1.02 kB[22m[1m[22m[2m │ gzip:   0.64 kB[22m[2m │ map:     2.27 kB[22m
[2m../../AppData/Local/Temp/chromatic--12132-LX3Qf5QMzkxU/[22m[36massets/Header.stories-6c965cc2.js                                           [39m[1m[2m  1.03 kB[22m[1m[22m[2m │ gzip:   0.53 kB[22m[2m │ map:     0.11 kB[22m
[2m../../AppData/Local/Temp/chromatic--12132-LX3Qf5QMzkxU/[22m[36massets/StoryLinkWrapper-82921f36.js                                         [39m[1m[2m  1.11 kB[22m[1m[22m[2m │ gzip:   0.53 kB[22m[2m │ map:     1.99 kB[22m
[2m../../AppData/Local/Temp/chromatic--12132-LX3Qf5QMzkxU/[22m[36massets/DocsRenderer-3PUGWF3O-6401b362.js                                    [39m[1m[2m  1.39 kB[22m[1m[22m[2m │ gzip:   0.76 kB[22m[2m │ map:     2.56 kB[22m
[2m../../AppData/Local/Temp/chromatic--12132-LX3Qf5QMzkxU/[22m[36massets/Header-fc8edcde.js                                                   [39m[1m[2m  1.40 kB[22m[1m[22m[2m │ gzip:   0.72 kB[22m[2m │ map:     2.27 kB[22m
[2m../../AppData/Local/Temp/chromatic--12132-LX3Qf5QMzkxU/[22m[36massets/chunk-AY7I2SME-c7b6cf8a.js                                           [39m[1m[2m  1.88 kB[22m[1m[22m[2m │ gzip:   1.03 kB[22m[2m │ map:     8.71 kB[22m
[2m../../AppData/Local/Temp/chromatic--12132-LX3Qf5QMzkxU/[22m[36massets/preview-073d0cdc.js                                                  [39m[1m[2m  2.52 kB[22m[1m[22m[2m │ gzip:   1.29 kB[22m[2m │ map:    10.22 kB[22m
[2m../../AppData/Local/Temp/chromatic--12132-LX3Qf5QMzkxU/[22m[36massets/styles-f942df63.js                                                   [39m[1m[2m  2.98 kB[22m[1m[22m[2m │ gzip:   1.41 kB[22m[2m │ map:    12.40 kB[22m
[2m../../AppData/Local/Temp/chromatic--12132-LX3Qf5QMzkxU/[22m[36massets/Git-DZ2D5ZUL-f3331752.js                                             [39m[1m[2m  3.06 kB[22m[1m[22m[2m │ gzip:   1.00 kB[22m[2m │ map:     7.18 kB[22m
[2m../../AppData/Local/Temp/chromatic--12132-LX3Qf5QMzkxU/[22m[36massets/preview-770cc08b.js                                                  [39m[1m[2m  3.22 kB[22m[1m[22m[2m │ gzip:   1.39 kB[22m[2m │ map:    10.00 kB[22m
[2m../../AppData/Local/Temp/chromatic--12132-LX3Qf5QMzkxU/[22m[36massets/Icon.stories-f009d2cc.js                                             [39m[1m[2m  3.29 kB[22m[1m[22m[2m │ gzip:   1.30 kB[22m[2m │ map:     0.14 kB[22m
[2m../../AppData/Local/Temp/chromatic--12132-LX3Qf5QMzkxU/[22m[36massets/Editing-7QFB6ZMG-67d1a8b8.js                                         [39m[1m[2m  4.02 kB[22m[1m[22m[2m │ gzip:   1.12 kB[22m[2m │ map:    10.08 kB[22m
[2m../../AppData/Local/Temp/chromatic--12132-LX3Qf5QMzkxU/[22m[36massets/Configure-03dfc2f5.js                                                [39m[1m[2m  4.70 kB[22m[1m[22m[2m │ gzip:   1.24 kB[22m[2m │ map:    10.47 kB[22m
[2m../../AppData/Local/Temp/chromatic--12132-LX3Qf5QMzkxU/[22m[36massets/Badge.stories-d9e2a2a9.js                                            [39m[1m[2m  5.13 kB[22m[1m[22m[2m │ gzip:   1.64 kB[22m[2m │ map:     3.36 kB[22m
[2m../../AppData/Local/Temp/chromatic--12132-LX3Qf5QMzkxU/[22m[36massets/OS-YZ2Y4VYS-02413f20.js                                              [39m[1m[2m  5.57 kB[22m[1m[22m[2m │ gzip:   2.20 kB[22m[2m │ map:     9.91 kB[22m
[2m../../AppData/Local/Temp/chromatic--12132-LX3Qf5QMzkxU/[22m[36massets/iframe-c76e25e7.js                                                   [39m[1m[2m  6.92 kB[22m[1m[22m[2m │ gzip:   1.98 kB[22m[2m │ map:     5.72 kB[22m
[2m../../AppData/Local/Temp/chromatic--12132-LX3Qf5QMzkxU/[22m[36massets/index-c4905b50.js                                                    [39m[1m[2m  7.21 kB[22m[1m[22m[2m │ gzip:   2.95 kB[22m[2m │ map:    15.66 kB[22m
[2m../../AppData/Local/Temp/chromatic--12132-LX3Qf5QMzkxU/[22m[36massets/People-OD4EV7WZ-235afe2b.js                                          [39m[1m[2m  7.64 kB[22m[1m[22m[2m │ gzip:   2.20 kB[22m[2m │ map:    16.28 kB[22m
[2m../../AppData/Local/Temp/chromatic--12132-LX3Qf5QMzkxU/[22m[36massets/preview-d8c963a4.js                                                  [39m[1m[2m  7.67 kB[22m[1m[22m[2m │ gzip:   1.60 kB[22m[2m │ map:    13.66 kB[22m
[2m../../AppData/Local/Temp/chromatic--12132-LX3Qf5QMzkxU/[22m[36massets/Documents-SGWAY3KW-249ccd0a.js                                       [39m[1m[2m  8.11 kB[22m[1m[22m[2m │ gzip:   1.61 kB[22m[2m │ map:    20.04 kB[22m
[2m../../AppData/Local/Temp/chromatic--12132-LX3Qf5QMzkxU/[22m[36massets/Link.stories-04314f50.js                                             [39m[1m[2m  8.23 kB[22m[1m[22m[2m │ gzip:   2.77 kB[22m[2m │ map:     9.99 kB[22m
[2m../../AppData/Local/Temp/chromatic--12132-LX3Qf5QMzkxU/[22m[36massets/preview-25cb0eda.js                                                  [39m[1m[2m  8.33 kB[22m[1m[22m[2m │ gzip:   3.21 kB[22m[2m │ map:    29.29 kB[22m
[2m../../AppData/Local/Temp/chromatic--12132-LX3Qf5QMzkxU/[22m[36massets/polished.esm-ed3ce7df.js                                             [39m[1m[2m 10.73 kB[22m[1m[22m[2m │ gzip:   3.85 kB[22m[2m │ map:   149.07 kB[22m
[2m../../AppData/Local/Temp/chromatic--12132-LX3Qf5QMzkxU/[22m[36massets/Devices-SUYACUPO-bd5406b8.js                                         [39m[1m[2m 11.12 kB[22m[1m[22m[2m │ gzip:   2.43 kB[22m[2m │ map:    24.76 kB[22m
[2m../../AppData/Local/Temp/chromatic--12132-LX3Qf5QMzkxU/[22m[36massets/GlobalScrollAreaStyles-4LLX2B3H-34c91733.js                          [39m[1m[2m 15.14 kB[22m[1m[22m[2m │ gzip:   2.86 kB[22m[2m │ map:    21.40 kB[22m
[2m../../AppData/Local/Temp/chromatic--12132-LX3Qf5QMzkxU/[22m[36massets/Logos-SJTNNI74-a3f89da3.js                                           [39m[1m[2m 15.65 kB[22m[1m[22m[2m │ gzip:   5.34 kB[22m[2m │ map:    29.98 kB[22m
[2m../../AppData/Local/Temp/chromatic--12132-LX3Qf5QMzkxU/[22m[36massets/emotion-react-jsx-runtime.browser.esm-28b4a784.js                    [39m[1m[2m 17.55 kB[22m[1m[22m[2m │ gzip:   7.09 kB[22m[2m │ map:   106.76 kB[22m
[2m../../AppData/Local/Temp/chromatic--12132-LX3Qf5QMzkxU/[22m[36massets/Wayfinding-BB4H7CHP-62123d01.js                                      [39m[1m[2m 19.02 kB[22m[1m[22m[2m │ gzip:   3.75 kB[22m[2m │ map:    47.53 kB[22m
[2m../../AppData/Local/Temp/chromatic--12132-LX3Qf5QMzkxU/[22m[36massets/Images-S2WTXNGG-ad7b8188.js                                          [39m[1m[2m 20.72 kB[22m[1m[22m[2m │ gzip:   4.41 kB[22m[2m │ map:    49.03 kB[22m
[2m../../AppData/Local/Temp/chromatic--12132-LX3Qf5QMzkxU/[22m[36massets/preview-77efdf24.js                                                  [39m[1m[2m 21.08 kB[22m[1m[22m[2m │ gzip:   6.99 kB[22m[2m │ map:    68.11 kB[22m
[2m../../AppData/Local/Temp/chromatic--12132-LX3Qf5QMzkxU/[22m[36massets/Button.stories-65b6c284.js                                           [39m[1m[2m 23.01 kB[22m[1m[22m[2m │ gzip:   4.11 kB[22m[2m │ map:    17.33 kB[22m
[2m../../AppData/Local/Temp/chromatic--12132-LX3Qf5QMzkxU/[22m[36massets/Communicate-7JXCND2Z-fbd0f5bd.js                                     [39m[1m[2m 25.15 kB[22m[1m[22m[2m │ gzip:   6.58 kB[22m[2m │ map:    52.56 kB[22m
[2m../../AppData/Local/Temp/chromatic--12132-LX3Qf5QMzkxU/[22m[36massets/CRUD-I5EZL2FS-ede82af2.js                                            [39m[1m[2m 26.35 kB[22m[1m[22m[2m │ gzip:   5.92 kB[22m[2m │ map:    59.44 kB[22m
[2m../../AppData/Local/Temp/chromatic--12132-LX3Qf5QMzkxU/[22m[36massets/OverlayScrollbars-OL4C4TVX-01656dfc.js                               [39m[1m[2m 28.95 kB[22m[1m[22m[2m │ gzip:  14.21 kB[22m[2m │ map:   107.64 kB[22m
[2m../../AppData/Local/Temp/chromatic--12132-LX3Qf5QMzkxU/[22m[36massets/Color-6VNJS4EI-bd9bef96.js                                           [39m[1m[2m 31.14 kB[22m[1m[22m[2m │ gzip:  11.71 kB[22m[2m │ map:   112.23 kB[22m
[2m../../AppData/Local/Temp/chromatic--12132-LX3Qf5QMzkxU/[22m[36massets/Icon-eeda4eb6.js                                                     [39m[1m[2m140.21 kB[22m[1m[22m[2m │ gzip:  51.45 kB[22m[2m │ map:   155.53 kB[22m
[2m../../AppData/Local/Temp/chromatic--12132-LX3Qf5QMzkxU/[22m[36massets/index-444b1ed1.js                                                    [39m[1m[2m212.55 kB[22m[1m[22m[2m │ gzip:  66.45 kB[22m[2m │ map:   648.30 kB[22m
[2m../../AppData/Local/Temp/chromatic--12132-LX3Qf5QMzkxU/[22m[36massets/config-b5db9118.js                                                   [39m[1m[2m213.48 kB[22m[1m[22m[2m │ gzip:  66.35 kB[22m[2m │ map:   801.55 kB[22m
[2m../../AppData/Local/Temp/chromatic--12132-LX3Qf5QMzkxU/[22m[36massets/Page.stories-95231e55.js                                             [39m[1m[2m308.14 kB[22m[1m[22m[2m │ gzip:  77.22 kB[22m[2m │ map: 1,130.39 kB[22m
[2m../../AppData/Local/Temp/chromatic--12132-LX3Qf5QMzkxU/[22m[36massets/formatter-ZNWCFYAW-264c7957.js                                       [39m[1m[33m601.73 kB[39m[22m[2m │ gzip: 185.10 kB[22m[2m │ map: 1,314.25 kB[22m
[2m../../AppData/Local/Temp/chromatic--12132-LX3Qf5QMzkxU/[22m[36massets/index-259410ff.js                                                    [39m[1m[33m635.48 kB[39m[22m[2m │ gzip: 194.41 kB[22m[2m │ map: 1,828.50 kB[22m
[33m
(!) Some chunks are larger than 500 kBs after minification. Consider:
- Using dynamic import() to code-split the application
- Use build.rollupOptions.output.manualChunks to improve chunking: https://rollupjs.org/configuration-options/#output-manualchunks
- Adjust chunk size limit for this warning via build.chunkSizeWarningLimit.[39m
[32m✓ built in 1m 29s[39m
info => Output directory: C:\Users\Ehsan\AppData\Local\Temp\chromatic--12132-LX3Qf5QMzkxU
